[debug] > Exec(early(addDefaultCommands), None, None)
[debug] > Exec(addDefaultCommands, None, None)
[debug] > Exec(early(initialize), None, None)
[debug] > Exec(initialize, None, None)
[debug] > Exec(boot, None, None)
[debug] > Exec(writeSbtVersion, None, None)
[debug] > Exec(reload, None, None)
[debug] > Exec(sbtStashOnFailure, None, None)
[debug] > Exec(onFailure loadFailed, None, None)
[debug] > Exec(loadp, None, None)
[info] welcome to sbt 1.9.6 (AdoptOpenJDK Java 11.0.11)
[debug] Load.defaultLoad until apply took 215.618398ms
[debug]                 Load.loadUnit: plugins took 201.583967ms
[debug]                 Load.loadUnit: defsScala took 1.176479ms
[debug] [Loading] Scanning directory /home/tapok/Документы/scala_projects/lab 1/lab-1/project/project
[debug]                   Load.loadUnit: mkEval took 15.86685ms
[debug] [Loading] Found non-root projects 
[debug] [Loading] Done in /home/tapok/Документы/scala_projects/lab 1/lab-1/project/project, returning: ()
[debug] deducing auto plugins based on known facts Set(Atom(sbt.plugins.CorePlugin)) and clauses Clauses(Clause(Atom(sbt.plugins.JvmPlugin),Set(Atom(sbt.plugins.IvyPlugin)))
[debug] Clause(Atom(sbt.ScriptedPlugin),Set(Atom(sbt.plugins.JvmPlugin)))
[debug] Clause(Atom(sbt.plugins.SbtPlugin),Set(Atom(sbt.ScriptedPlugin)))
[debug] Clause(Atom(sbt.plugins.SemanticdbPlugin),Set(Atom(sbt.plugins.JvmPlugin)))
[debug] Clause(Atom(sbt.plugins.JUnitXmlReportPlugin),Set(Atom(sbt.plugins.JvmPlugin)))
[debug] Clause(Atom(sbt.plugins.MiniDependencyTreePlugin),Set(Atom(sbt.plugins.JvmPlugin)))
[debug] Clause(Atom(sbt.plugins.CorePlugin),Set(Atom(sbt.plugins.IvyPlugin)))
[debug] Clause(Atom(sbt.plugins.IvyPlugin),Set(Atom(sbt.plugins.JvmPlugin)))
[debug] Clause(Atom(sbt.plugins.JvmPlugin),Set(Atom(sbt.plugins.SemanticdbPlugin)))
[debug] Clause(Atom(sbt.plugins.JvmPlugin),Set(Atom(sbt.plugins.JUnitXmlReportPlugin)))
[debug] Clause(Atom(sbt.plugins.CorePlugin),Set(Atom(sbt.plugins.Giter8TemplatePlugin)))
[debug] Clause(Atom(sbt.plugins.JvmPlugin),Set(Atom(sbt.plugins.MiniDependencyTreePlugin))))
[debug]   :: deduced result: Matched(sbt.plugins.CorePlugin,sbt.plugins.Giter8TemplatePlugin,sbt.plugins.IvyPlugin,sbt.plugins.JvmPlugin,sbt.plugins.MiniDependencyTreePlugin,sbt.plugins.JUnitXmlReportPlugin,sbt.plugins.SemanticdbPlugin)
[debug] Plugins.deducer#function took 27.150873 ms
[info] loading settings for project lab-1-build-build from metals.sbt ...
[debug]                     Load.resolveProject(lab-1-build-build) took 67.933086ms
[debug]                   Load.loadTransitive: finalizeProject(Project(id lab-1-build-build, base: /home/tapok/Документы/scala_projects/lab 1/lab-1/project/project, plugins: List(<none>))) took 137.412003ms
[debug] [Loading] Done in /home/tapok/Документы/scala_projects/lab 1/lab-1/project/project, returning: (lab-1-build-build)
[debug]                 Load.loadUnit: loadedProjectsRaw took 934.276707ms
[debug]                 Load.loadUnit: cleanEvalClasses took 23.737611ms
[debug]               Load.loadUnit(file:/home/tapok/Документы/scala_projects/lab%201/lab-1/project/project/, ...) took 1172.458373ms
[debug]             Load.apply: load took 1426.925241ms
[debug]             Load.apply: resolveProjects took 8.476777ms
[debug]             Load.apply: finalTransforms took 123.890106ms
[debug]             Load.apply: config.delegates took 9.197486ms
[debug]             Load.apply: Def.make(settings)... took 704.820513ms
[debug]             Load.apply: structureIndex took 127.033263ms
[debug]             Load.apply: mkStreams took 2.92878ms
[info] loading project definition from /home/tapok/Документы/scala_projects/lab 1/lab-1/project/project
[debug] Running task... Cancel: Signal, check cycles: false, forcegc: true
